# JRE version: OpenJDK Runtime Environment (8.0_302-b08) (build 1.8.0_302-b08)
# Java VM: OpenJDK 64-Bit Server VM (25.302-b08 mixed mode windows-amd64 compressed oops)
Heap:
 PSYoungGen      total 147968K, used 147960K [0x00000000f5580000, 0x0000000100000000, 0x0000000100000000)
  eden space 121344K, 100% used [0x00000000f5580000,0x00000000fcc00000,0x00000000fcc00000)
  from space 26624K, 99% used [0x00000000fcc00000,0x00000000fe5fe020,0x00000000fe600000)
  to   space 26624K, 36% used [0x00000000fe600000,0x00000000fef78000,0x0000000100000000)
 ParOldGen       total 190976K, used 77322K [0x00000000e0000000, 0x00000000eba80000, 0x00000000f5580000)
  object space 190976K, 40% used [0x00000000e0000000,0x00000000e4b82af0,0x00000000eba80000)
 Metaspace       used 69318K, capacity 76438K, committed 76672K, reserved 1114112K
  class space    used 9798K, capacity 11620K, committed 11648K, reserved 1048576K
GC Heap History (10 events):
Event: 59.245 GC heap before
{Heap before GC invocations=12 (full 2):
 PSYoungGen      total 161280K, used 104561K [0x00000000f5580000, 0x0000000100000000, 0x0000000100000000)
  eden space 148992K, 61% used [0x00000000f5580000,0x00000000fafa14c0,0x00000000fe700000)
  from space 12288K, 99% used [0x00000000fe700000,0x00000000ff2fb320,0x00000000ff300000)
  to   space 13312K, 0% used [0x00000000ff300000,0x00000000ff300000,0x0000000100000000)
 ParOldGen       total 175104K, used 23785K [0x00000000e0000000, 0x00000000eab00000, 0x00000000f5580000)
  object space 175104K, 13% used [0x00000000e0000000,0x00000000e173a548,0x00000000eab00000)
 Metaspace       used 56498K, capacity 59074K, committed 59136K, reserved 1099776K
  class space    used 7877K, capacity 8438K, committed 8448K, reserved 1048576K
Event: 59.268 GC heap after
Heap after GC invocations=12 (full 2):
 PSYoungGen      total 145920K, used 13284K [0x00000000f5580000, 0x0000000100000000, 0x0000000100000000)
  eden space 132608K, 0% used [0x00000000f5580000,0x00000000f5580000,0x00000000fd700000)
  from space 13312K, 99% used [0x00000000ff300000,0x00000000ffff9320,0x0000000100000000)
  to   space 20992K, 0% used [0x00000000fd700000,0x00000000fd700000,0x00000000feb80000)
 ParOldGen       total 175104K, used 34641K [0x00000000e0000000, 0x00000000eab00000, 0x00000000f5580000)
  object space 175104K, 19% used [0x00000000e0000000,0x00000000e21d44a8,0x00000000eab00000)
 Metaspace       used 56498K, capacity 59074K, committed 59136K, reserved 1099776K
  class space    used 7877K, capacity 8438K, committed 8448K, reserved 1048576K
}
Event: 59.268 GC heap before
{Heap before GC invocations=13 (full 3):
 PSYoungGen      total 145920K, used 13284K [0x00000000f5580000, 0x0000000100000000, 0x0000000100000000)
  eden space 132608K, 0% used [0x00000000f5580000,0x00000000f5580000,0x00000000fd700000)
  from space 13312K, 99% used [0x00000000ff300000,0x00000000ffff9320,0x0000000100000000)
  to   space 20992K, 0% used [0x00000000fd700000,0x00000000fd700000,0x00000000feb80000)
 ParOldGen       total 175104K, used 34641K [0x00000000e0000000, 0x00000000eab00000, 0x00000000f5580000)
  object space 175104K, 19% used [0x00000000e0000000,0x00000000e21d44a8,0x00000000eab00000)
 Metaspace       used 56498K, capacity 59074K, committed 59136K, reserved 1099776K
  class space    used 7877K, capacity 8438K, committed 8448K, reserved 1048576K
Event: 59.520 GC heap after
Heap after GC invocations=13 (full 3):
 PSYoungGen      total 145920K, used 0K [0x00000000f5580000, 0x0000000100000000, 0x0000000100000000)
  eden space 132608K, 0% used [0x00000000f5580000,0x00000000f5580000,0x00000000fd700000)
  from space 13312K, 0% used [0x00000000ff300000,0x00000000ff300000,0x0000000100000000)
  to   space 20992K, 0% used [0x00000000fd700000,0x00000000fd700000,0x00000000feb80000)
 ParOldGen       total 190976K, used 39243K [0x00000000e0000000, 0x00000000eba80000, 0x00000000f5580000)
  object space 190976K, 20% used [0x00000000e0000000,0x00000000e2652c90,0x00000000eba80000)
 Metaspace       used 56426K, capacity 58828K, committed 59136K, reserved 1099776K
  class space    used 7854K, capacity 8397K, committed 8448K, reserved 1048576K
}
Event: 91.241 GC heap before
{Heap before GC invocations=14 (full 3):
 PSYoungGen      total 145920K, used 132608K [0x00000000f5580000, 0x0000000100000000, 0x0000000100000000)
  eden space 132608K, 100% used [0x00000000f5580000,0x00000000fd700000,0x00000000fd700000)
  from space 13312K, 0% used [0x00000000ff300000,0x00000000ff300000,0x0000000100000000)
  to   space 20992K, 0% used [0x00000000fd700000,0x00000000fd700000,0x00000000feb80000)
 ParOldGen       total 190976K, used 39243K [0x00000000e0000000, 0x00000000eba80000, 0x00000000f5580000)
  object space 190976K, 20% used [0x00000000e0000000,0x00000000e2652c90,0x00000000eba80000)
 Metaspace       used 60483K, capacity 63368K, committed 63488K, reserved 1103872K
  class space    used 8533K, capacity 9157K, committed 9216K, reserved 1048576K
Event: 91.259 GC heap after
Heap after GC invocations=14 (full 3):
 PSYoungGen      total 153600K, used 13665K [0x00000000f5580000, 0x0000000100000000, 0x0000000100000000)
  eden space 132608K, 0% used [0x00000000f5580000,0x00000000f5580000,0x00000000fd700000)
  from space 20992K, 65% used [0x00000000fd700000,0x00000000fe4587f0,0x00000000feb80000)
  to   space 20992K, 0% used [0x00000000feb80000,0x00000000feb80000,0x0000000100000000)
 ParOldGen       total 190976K, used 39251K [0x00000000e0000000, 0x00000000eba80000, 0x00000000f5580000)
  object space 190976K, 20% used [0x00000000e0000000,0x00000000e2654c90,0x00000000eba80000)
 Metaspace       used 60483K, capacity 63368K, committed 63488K, reserved 1103872K
  class space    used 8533K, capacity 9157K, committed 9216K, reserved 1048576K
}
Event: 94.480 GC heap before
{Heap before GC invocations=15 (full 3):
 PSYoungGen      total 153600K, used 146273K [0x00000000f5580000, 0x0000000100000000, 0x0000000100000000)
  eden space 132608K, 100% used [0x00000000f5580000,0x00000000fd700000,0x00000000fd700000)
  from space 20992K, 65% used [0x00000000fd700000,0x00000000fe4587f0,0x00000000feb80000)
  to   space 20992K, 0% used [0x00000000feb80000,0x00000000feb80000,0x0000000100000000)
 ParOldGen       total 190976K, used 39251K [0x00000000e0000000, 0x00000000eba80000, 0x00000000f5580000)
  object space 190976K, 20% used [0x00000000e0000000,0x00000000e2654c90,0x00000000eba80000)
 Metaspace       used 63107K, capacity 67492K, committed 67584K, reserved 1107968K
  class space    used 8909K, capacity 9974K, committed 9984K, reserved 1048576K
Event: 94.529 GC heap after
Heap after GC invocations=15 (full 3):
 PSYoungGen      total 142336K, used 20968K [0x00000000f5580000, 0x0000000100000000, 0x0000000100000000)
  eden space 121344K, 0% used [0x00000000f5580000,0x00000000f5580000,0x00000000fcc00000)
  from space 20992K, 99% used [0x00000000feb80000,0x00000000ffffa260,0x0000000100000000)
  to   space 26624K, 0% used [0x00000000fcc00000,0x00000000fcc00000,0x00000000fe600000)
 ParOldGen       total 190976K, used 48692K [0x00000000e0000000, 0x00000000eba80000, 0x00000000f5580000)
  object space 190976K, 25% used [0x00000000e0000000,0x00000000e2f8d080,0x00000000eba80000)
 Metaspace       used 63107K, capacity 67492K, committed 67584K, reserved 1107968K
  class space    used 8909K, capacity 9974K, committed 9984K, reserved 1048576K
}
Event: 97.287 GC heap before
{Heap before GC invocations=16 (full 3):
 PSYoungGen      total 142336K, used 142312K [0x00000000f5580000, 0x0000000100000000, 0x0000000100000000)
  eden space 121344K, 100% used [0x00000000f5580000,0x00000000fcc00000,0x00000000fcc00000)
  from space 20992K, 99% used [0x00000000feb80000,0x00000000ffffa260,0x0000000100000000)
  to   space 26624K, 0% used [0x00000000fcc00000,0x00000000fcc00000,0x00000000fe600000)
 ParOldGen       total 190976K, used 48692K [0x00000000e0000000, 0x00000000eba80000, 0x00000000f5580000)
  object space 190976K, 25% used [0x00000000e0000000,0x00000000e2f8d080,0x00000000eba80000)
 Metaspace       used 65995K, capacity 71684K, committed 71936K, reserved 1110016K
  class space    used 9297K, capacity 10751K, committed 10752K, reserved 1048576K
Event: 97.329 GC heap after
Heap after GC invocations=16 (full 3):
 PSYoungGen      total 147968K, used 26616K [0x00000000f5580000, 0x0000000100000000, 0x0000000100000000)
  eden space 121344K, 0% used [0x00000000f5580000,0x00000000f5580000,0x00000000fcc00000)
  from space 26624K, 99% used [0x00000000fcc00000,0x00000000fe5fe020,0x00000000fe600000)
  to   space 26624K, 0% used [0x00000000fe600000,0x00000000fe600000,0x0000000100000000)
 ParOldGen       total 190976K, used 60492K [0x00000000e0000000, 0x00000000eba80000, 0x00000000f5580000)
  object space 190976K, 31% used [0x00000000e0000000,0x00000000e3b13170,0x00000000eba80000)
 Metaspace       used 65995K, capacity 71684K, committed 71936K, reserved 1110016K
  class space    used 9297K, capacity 10751K, committed 10752K, reserved 1048576K
}

