# JRE version: OpenJDK Runtime Environment (8.0_302-b08) (build 1.8.0_302-b08)
# Java VM: OpenJDK 64-Bit Server VM (25.302-b08 mixed mode windows-amd64 compressed oops)
Heap:
 PSYoungGen      total 162304K, used 127823K [0x00000000f5580000, 0x0000000100000000, 0x0000000100000000)
  eden space 150016K, 77% used [0x00000000f5580000,0x00000000fc655ba0,0x00000000fe800000)
  from space 12288K, 99% used [0x00000000fe800000,0x00000000ff3fe3f0,0x00000000ff400000)
  to   space 12288K, 0% used [0x00000000ff400000,0x00000000ff400000,0x0000000100000000)
 ParOldGen       total 175104K, used 24583K [0x00000000e0000000, 0x00000000eab00000, 0x00000000f5580000)
  object space 175104K, 14% used [0x00000000e0000000,0x00000000e1801d58,0x00000000eab00000)
 Metaspace       used 54465K, capacity 57212K, committed 57472K, reserved 1099776K
  class space    used 7474K, capacity 8054K, committed 8064K, reserved 1048576K
GC Heap History (10 events):
Event: 24.718 GC heap before
{Heap before GC invocations=7 (full 1):
 PSYoungGen      total 76288K, used 73508K [0x00000000f5580000, 0x00000000fd380000, 0x0000000100000000)
  eden space 65536K, 100% used [0x00000000f5580000,0x00000000f9580000,0x00000000f9580000)
  from space 10752K, 74% used [0x00000000f9580000,0x00000000f9d490b0,0x00000000fa000000)
  to   space 11776K, 0% used [0x00000000fc800000,0x00000000fc800000,0x00000000fd380000)
 ParOldGen       total 175104K, used 8563K [0x00000000e0000000, 0x00000000eab00000, 0x00000000f5580000)
  object space 175104K, 4% used [0x00000000e0000000,0x00000000e085cda8,0x00000000eab00000)
 Metaspace       used 32367K, capacity 33650K, committed 33920K, reserved 1079296K
  class space    used 4594K, capacity 4916K, committed 4992K, reserved 1048576K
Event: 24.730 GC heap after
Heap after GC invocations=7 (full 1):
 PSYoungGen      total 112128K, used 10682K [0x00000000f5580000, 0x00000000fd280000, 0x0000000100000000)
  eden space 101376K, 0% used [0x00000000f5580000,0x00000000f5580000,0x00000000fb880000)
  from space 10752K, 99% used [0x00000000fc800000,0x00000000fd26eb00,0x00000000fd280000)
  to   space 12288K, 0% used [0x00000000fba80000,0x00000000fba80000,0x00000000fc680000)
 ParOldGen       total 175104K, used 8571K [0x00000000e0000000, 0x00000000eab00000, 0x00000000f5580000)
  object space 175104K, 4% used [0x00000000e0000000,0x00000000e085eda8,0x00000000eab00000)
 Metaspace       used 32367K, capacity 33650K, committed 33920K, reserved 1079296K
  class space    used 4594K, capacity 4916K, committed 4992K, reserved 1048576K
}
Event: 24.963 GC heap before
{Heap before GC invocations=8 (full 1):
 PSYoungGen      total 112128K, used 31857K [0x00000000f5580000, 0x00000000fd280000, 0x0000000100000000)
  eden space 101376K, 20% used [0x00000000f5580000,0x00000000f6a2dc10,0x00000000fb880000)
  from space 10752K, 99% used [0x00000000fc800000,0x00000000fd26eb00,0x00000000fd280000)
  to   space 12288K, 0% used [0x00000000fba80000,0x00000000fba80000,0x00000000fc680000)
 ParOldGen       total 175104K, used 8571K [0x00000000e0000000, 0x00000000eab00000, 0x00000000f5580000)
  object space 175104K, 4% used [0x00000000e0000000,0x00000000e085eda8,0x00000000eab00000)
 Metaspace       used 34209K, capacity 35464K, committed 35496K, reserved 1079296K
  class space    used 4766K, capacity 5088K, committed 5120K, reserved 1048576K
Event: 24.975 GC heap after
Heap after GC invocations=8 (full 1):
 PSYoungGen      total 115712K, used 9602K [0x00000000f5580000, 0x0000000100000000, 0x0000000100000000)
  eden space 103424K, 0% used [0x00000000f5580000,0x00000000f5580000,0x00000000fba80000)
  from space 12288K, 78% used [0x00000000fba80000,0x00000000fc3e0a88,0x00000000fc680000)
  to   space 12288K, 0% used [0x00000000ff400000,0x00000000ff400000,0x0000000100000000)
 ParOldGen       total 175104K, used 8579K [0x00000000e0000000, 0x00000000eab00000, 0x00000000f5580000)
  object space 175104K, 4% used [0x00000000e0000000,0x00000000e0860da8,0x00000000eab00000)
 Metaspace       used 34209K, capacity 35464K, committed 35496K, reserved 1079296K
  class space    used 4766K, capacity 5088K, committed 5120K, reserved 1048576K
}
Event: 24.975 GC heap before
{Heap before GC invocations=9 (full 2):
 PSYoungGen      total 115712K, used 9602K [0x00000000f5580000, 0x0000000100000000, 0x0000000100000000)
  eden space 103424K, 0% used [0x00000000f5580000,0x00000000f5580000,0x00000000fba80000)
  from space 12288K, 78% used [0x00000000fba80000,0x00000000fc3e0a88,0x00000000fc680000)
  to   space 12288K, 0% used [0x00000000ff400000,0x00000000ff400000,0x0000000100000000)
 ParOldGen       total 175104K, used 8579K [0x00000000e0000000, 0x00000000eab00000, 0x00000000f5580000)
  object space 175104K, 4% used [0x00000000e0000000,0x00000000e0860da8,0x00000000eab00000)
 Metaspace       used 34209K, capacity 35464K, committed 35496K, reserved 1079296K
  class space    used 4766K, capacity 5088K, committed 5120K, reserved 1048576K
Event: 25.040 GC heap after
Heap after GC invocations=9 (full 2):
 PSYoungGen      total 115712K, used 0K [0x00000000f5580000, 0x0000000100000000, 0x0000000100000000)
  eden space 103424K, 0% used [0x00000000f5580000,0x00000000f5580000,0x00000000fba80000)
  from space 12288K, 0% used [0x00000000fba80000,0x00000000fba80000,0x00000000fc680000)
  to   space 12288K, 0% used [0x00000000ff400000,0x00000000ff400000,0x0000000100000000)
 ParOldGen       total 175104K, used 16389K [0x00000000e0000000, 0x00000000eab00000, 0x00000000f5580000)
  object space 175104K, 9% used [0x00000000e0000000,0x00000000e10017c0,0x00000000eab00000)
 Metaspace       used 34209K, capacity 35464K, committed 35496K, reserved 1079296K
  class space    used 4766K, capacity 5088K, committed 5120K, reserved 1048576K
}
Event: 27.321 GC heap before
{Heap before GC invocations=10 (full 2):
 PSYoungGen      total 115712K, used 103424K [0x00000000f5580000, 0x0000000100000000, 0x0000000100000000)
  eden space 103424K, 100% used [0x00000000f5580000,0x00000000fba80000,0x00000000fba80000)
  from space 12288K, 0% used [0x00000000fba80000,0x00000000fba80000,0x00000000fc680000)
  to   space 12288K, 0% used [0x00000000ff400000,0x00000000ff400000,0x0000000100000000)
 ParOldGen       total 175104K, used 16389K [0x00000000e0000000, 0x00000000eab00000, 0x00000000f5580000)
  object space 175104K, 9% used [0x00000000e0000000,0x00000000e10017c0,0x00000000eab00000)
 Metaspace       used 38264K, capacity 40076K, committed 40192K, reserved 1083392K
  class space    used 5364K, capacity 5774K, committed 5888K, reserved 1048576K
Event: 27.327 GC heap after
Heap after GC invocations=10 (full 2):
 PSYoungGen      total 162304K, used 7449K [0x00000000f5580000, 0x0000000100000000, 0x0000000100000000)
  eden space 150016K, 0% used [0x00000000f5580000,0x00000000f5580000,0x00000000fe800000)
  from space 12288K, 60% used [0x00000000ff400000,0x00000000ffb46670,0x0000000100000000)
  to   space 12288K, 0% used [0x00000000fe800000,0x00000000fe800000,0x00000000ff400000)
 ParOldGen       total 175104K, used 16397K [0x00000000e0000000, 0x00000000eab00000, 0x00000000f5580000)
  object space 175104K, 9% used [0x00000000e0000000,0x00000000e10037c0,0x00000000eab00000)
 Metaspace       used 38264K, capacity 40076K, committed 40192K, reserved 1083392K
  class space    used 5364K, capacity 5774K, committed 5888K, reserved 1048576K
}
Event: 32.614 GC heap before
{Heap before GC invocations=11 (full 2):
 PSYoungGen      total 162304K, used 157465K [0x00000000f5580000, 0x0000000100000000, 0x0000000100000000)
  eden space 150016K, 100% used [0x00000000f5580000,0x00000000fe800000,0x00000000fe800000)
  from space 12288K, 60% used [0x00000000ff400000,0x00000000ffb46670,0x0000000100000000)
  to   space 12288K, 0% used [0x00000000fe800000,0x00000000fe800000,0x00000000ff400000)
 ParOldGen       total 175104K, used 16397K [0x00000000e0000000, 0x00000000eab00000, 0x00000000f5580000)
  object space 175104K, 9% used [0x00000000e0000000,0x00000000e10037c0,0x00000000eab00000)
 Metaspace       used 50371K, capacity 52856K, committed 53120K, reserved 1095680K
  class space    used 6907K, capacity 7438K, committed 7552K, reserved 1048576K
Event: 32.640 GC heap after
Heap after GC invocations=11 (full 2):
 PSYoungGen      total 162304K, used 12280K [0x00000000f5580000, 0x0000000100000000, 0x0000000100000000)
  eden space 150016K, 0% used [0x00000000f5580000,0x00000000f5580000,0x00000000fe800000)
  from space 12288K, 99% used [0x00000000fe800000,0x00000000ff3fe3f0,0x00000000ff400000)
  to   space 12288K, 0% used [0x00000000ff400000,0x00000000ff400000,0x0000000100000000)
 ParOldGen       total 175104K, used 24583K [0x00000000e0000000, 0x00000000eab00000, 0x00000000f5580000)
  object space 175104K, 14% used [0x00000000e0000000,0x00000000e1801d58,0x00000000eab00000)
 Metaspace       used 50371K, capacity 52856K, committed 53120K, reserved 1095680K
  class space    used 6907K, capacity 7438K, committed 7552K, reserved 1048576K
}

